2020-03-11 22:40:17 INFO  Log:28 - Info : -------Starting of Testcase---------
2020-03-11 22:40:17 INFO  Log:39 - Info : SCENARIO Started - Amazon SG -  Login using invalid username
2020-03-11 22:40:17 INFO  Log:39 - Info : Initializing Driver - New
2020-03-11 22:40:17 INFO  Log:39 - Info : Browser - Chrome
2020-03-11 22:40:17 INFO  Log:39 - Info : Chrome options are set:/nCapabilities {browserName: chrome}
2020-03-11 22:40:26 INFO  Log:39 - Info : Wait for page to load
2020-03-11 22:40:26 INFO  Log:39 - Info : Maximum wait for - 2
2020-03-11 22:40:26 INFO  Log:39 - Info : Page Load Status - complete
2020-03-11 22:40:26 INFO  Log:39 - Invoked Chrome driver successfully
2020-03-11 22:40:26 INFO  Log:39 - Info : Desktop Driver initialized
2020-03-11 22:40:26 INFO  Log:39 - Info : Wait for page to load...
2020-03-11 22:40:26 INFO  Log:39 - Info : ===>>> Check if user is landed on amazon login page
2020-03-11 22:40:26 INFO  Log:39 - PassVerify on main page
2020-03-11 22:40:26 INFO  Log:39 - Info : ===>>> Enter username invalid
2020-03-11 22:40:26 INFO  Log:39 - Pass : [EW] Enter text - [[ChromeDriver: chrome on XP (96bf3288364ad77a3a52c75155049875)] -> id: ap_email]; Value - testwebsg@gmail.com
2020-03-11 22:40:26 INFO  Log:39 - Info : ===>>> Continue to the next page
2020-03-11 22:40:27 INFO  Log:39 - Info : [EW] Waiting for element - [[ChromeDriver: chrome on XP (96bf3288364ad77a3a52c75155049875)] -> id: continue]
2020-03-11 22:40:27 INFO  Log:39 - Pass : [EW] Element found - [[ChromeDriver: chrome on XP (96bf3288364ad77a3a52c75155049875)] -> id: continue]
2020-03-11 22:40:28 INFO  Log:39 - Pass : [EW] Element clicked - [[ChromeDriver: chrome on XP (96bf3288364ad77a3a52c75155049875)] -> id: continue]
2020-03-11 22:40:28 INFO  Log:39 - Info : ===>>> Verify invalid error message is displayed in username
2020-03-11 22:40:28 INFO  Log:39 - Info : After scenario
2020-03-11 22:40:28 INFO  Log:39 - Info : RESULT - passed -- Scenario : Amazon SG -  Login using invalid username
2020-03-11 22:40:29 INFO  Log:39 - Info : Driver quits...
2020-03-11 22:40:29 INFO  Log:34 - Info : -------End of Testcase---------End Test Case-------
2020-03-11 22:40:29 INFO  Log:39 - Info : Loading config properties
2020-03-11 22:40:29 INFO  Log:39 - Info : Loading Test Data
2020-03-11 22:40:29 INFO  Log:39 - Info : Read properties successfully
